2024-03-20 13:59:54,995 DEBUG    root            Loaded Command Group: ['gcloud', 'components']
2024-03-20 13:59:54,999 DEBUG    root            Loaded Command Group: ['gcloud', 'components', 'update']
2024-03-20 13:59:55,002 DEBUG    root            Running [gcloud.components.update] with arguments: [--allow-no-backup: "True", --compile-python: "True", --quiet: "True", COMPONENT-IDS:7: "['core', 'gcloud-deps', 'bq', 'gcloud', 'gcloud-crc32c', 'gsutil', 'anthoscli']"]
2024-03-20 13:59:55,003 INFO     ___FILE_ONLY___ Beginning update. This process may take several minutes.

2024-03-20 13:59:55,020 DEBUG    urllib3.connectionpool Starting new HTTPS connection (1): dl.google.com:443
2024-03-20 13:59:55,079 DEBUG    urllib3.connectionpool https://dl.google.com:443 "GET /dl/cloudsdk/channels/rapid/components-2.json HTTP/1.1" 200 214444
2024-03-20 13:59:55,096 INFO     ___FILE_ONLY___ 

2024-03-20 13:59:55,097 INFO     ___FILE_ONLY___ 
Your current Google Cloud CLI version is: 469.0.0

2024-03-20 13:59:55,097 INFO     ___FILE_ONLY___ Installing components from version: 469.0.0

2024-03-20 13:59:55,097 INFO     ___FILE_ONLY___ 

2024-03-20 13:59:55,097 DEBUG    root            Chosen display Format:table[box,title="These components will be removed."](details.display_name:label=Name:align=left,version.version_string:label=Version:align=right,data.size.size(zero="",min=1048576):label=Size:align=right)
2024-03-20 13:59:55,098 DEBUG    root            Chosen display Format:table[box,title="These components will be updated."](details.display_name:label=Name:align=left,version.version_string:label=Version:align=right,data.size.size(zero="",min=1048576):label=Size:align=right)
2024-03-20 13:59:55,099 DEBUG    root            Chosen display Format:table[box,title="These components will be installed."](details.display_name:label=Name:align=left,version.version_string:label=Version:align=right,data.size.size(zero="",min=1048576):label=Size:align=right)
2024-03-20 13:59:55,107 INFO     ___FILE_ONLY___ ┌─────────────────────────────────────────────────────────────────────────────┐
2024-03-20 13:59:55,107 INFO     ___FILE_ONLY___ 

2024-03-20 13:59:55,107 INFO     ___FILE_ONLY___ │                     These components will be installed.                     │
2024-03-20 13:59:55,107 INFO     ___FILE_ONLY___ 

2024-03-20 13:59:55,107 INFO     ___FILE_ONLY___ ├─────────────────────────────────────────────────────┬────────────┬──────────┤
2024-03-20 13:59:55,107 INFO     ___FILE_ONLY___ 

2024-03-20 13:59:55,107 INFO     ___FILE_ONLY___ │                         Name                        │  Version   │   Size   │
2024-03-20 13:59:55,107 INFO     ___FILE_ONLY___ 

2024-03-20 13:59:55,107 INFO     ___FILE_ONLY___ ├─────────────────────────────────────────────────────┼────────────┼──────────┤
2024-03-20 13:59:55,107 INFO     ___FILE_ONLY___ 

2024-03-20 13:59:55,108 INFO     ___FILE_ONLY___ │ 
2024-03-20 13:59:55,108 INFO     ___FILE_ONLY___ BigQuery Command Line Tool                         
2024-03-20 13:59:55,108 INFO     ___FILE_ONLY___  
2024-03-20 13:59:55,108 INFO     ___FILE_ONLY___ │ 
2024-03-20 13:59:55,108 INFO     ___FILE_ONLY___      2.1.1
2024-03-20 13:59:55,108 INFO     ___FILE_ONLY___  
2024-03-20 13:59:55,108 INFO     ___FILE_ONLY___ │ 
2024-03-20 13:59:55,108 INFO     ___FILE_ONLY___  1.7 MiB
2024-03-20 13:59:55,108 INFO     ___FILE_ONLY___  
2024-03-20 13:59:55,108 INFO     ___FILE_ONLY___ │
2024-03-20 13:59:55,108 INFO     ___FILE_ONLY___ 

2024-03-20 13:59:55,108 INFO     ___FILE_ONLY___ │ 
2024-03-20 13:59:55,108 INFO     ___FILE_ONLY___ BigQuery Command Line Tool (Platform Specific)     
2024-03-20 13:59:55,108 INFO     ___FILE_ONLY___  
2024-03-20 13:59:55,109 INFO     ___FILE_ONLY___ │ 
2024-03-20 13:59:55,109 INFO     ___FILE_ONLY___    2.0.101
2024-03-20 13:59:55,109 INFO     ___FILE_ONLY___  
2024-03-20 13:59:55,109 INFO     ___FILE_ONLY___ │ 
2024-03-20 13:59:55,109 INFO     ___FILE_ONLY___  < 1 MiB
2024-03-20 13:59:55,109 INFO     ___FILE_ONLY___  
2024-03-20 13:59:55,109 INFO     ___FILE_ONLY___ │
2024-03-20 13:59:55,109 INFO     ___FILE_ONLY___ 

2024-03-20 13:59:55,109 INFO     ___FILE_ONLY___ │ 
2024-03-20 13:59:55,109 INFO     ___FILE_ONLY___ Bundled Python 3.11                                
2024-03-20 13:59:55,109 INFO     ___FILE_ONLY___  
2024-03-20 13:59:55,109 INFO     ___FILE_ONLY___ │ 
2024-03-20 13:59:55,109 INFO     ___FILE_ONLY___     3.11.8
2024-03-20 13:59:55,109 INFO     ___FILE_ONLY___  
2024-03-20 13:59:55,110 INFO     ___FILE_ONLY___ │ 
2024-03-20 13:59:55,110 INFO     ___FILE_ONLY___ 74.9 MiB
2024-03-20 13:59:55,110 INFO     ___FILE_ONLY___  
2024-03-20 13:59:55,110 INFO     ___FILE_ONLY___ │
2024-03-20 13:59:55,110 INFO     ___FILE_ONLY___ 

2024-03-20 13:59:55,110 INFO     ___FILE_ONLY___ │ 
2024-03-20 13:59:55,110 INFO     ___FILE_ONLY___ Cloud Storage Command Line Tool                    
2024-03-20 13:59:55,110 INFO     ___FILE_ONLY___  
2024-03-20 13:59:55,110 INFO     ___FILE_ONLY___ │ 
2024-03-20 13:59:55,110 INFO     ___FILE_ONLY___       5.27
2024-03-20 13:59:55,110 INFO     ___FILE_ONLY___  
2024-03-20 13:59:55,110 INFO     ___FILE_ONLY___ │ 
2024-03-20 13:59:55,110 INFO     ___FILE_ONLY___ 11.3 MiB
2024-03-20 13:59:55,110 INFO     ___FILE_ONLY___  
2024-03-20 13:59:55,110 INFO     ___FILE_ONLY___ │
2024-03-20 13:59:55,111 INFO     ___FILE_ONLY___ 

2024-03-20 13:59:55,111 INFO     ___FILE_ONLY___ │ 
2024-03-20 13:59:55,111 INFO     ___FILE_ONLY___ Cloud Storage Command Line Tool (Platform Specific)
2024-03-20 13:59:55,111 INFO     ___FILE_ONLY___  
2024-03-20 13:59:55,111 INFO     ___FILE_ONLY___ │ 
2024-03-20 13:59:55,111 INFO     ___FILE_ONLY___       5.27
2024-03-20 13:59:55,111 INFO     ___FILE_ONLY___  
2024-03-20 13:59:55,111 INFO     ___FILE_ONLY___ │ 
2024-03-20 13:59:55,111 INFO     ___FILE_ONLY___  < 1 MiB
2024-03-20 13:59:55,111 INFO     ___FILE_ONLY___  
2024-03-20 13:59:55,111 INFO     ___FILE_ONLY___ │
2024-03-20 13:59:55,111 INFO     ___FILE_ONLY___ 

2024-03-20 13:59:55,111 INFO     ___FILE_ONLY___ │ 
2024-03-20 13:59:55,111 INFO     ___FILE_ONLY___ Google Cloud CLI Core Libraries (Platform Specific)
2024-03-20 13:59:55,111 INFO     ___FILE_ONLY___  
2024-03-20 13:59:55,112 INFO     ___FILE_ONLY___ │ 
2024-03-20 13:59:55,112 INFO     ___FILE_ONLY___ 2024.01.06
2024-03-20 13:59:55,112 INFO     ___FILE_ONLY___  
2024-03-20 13:59:55,112 INFO     ___FILE_ONLY___ │ 
2024-03-20 13:59:55,112 INFO     ___FILE_ONLY___  < 1 MiB
2024-03-20 13:59:55,112 INFO     ___FILE_ONLY___  
2024-03-20 13:59:55,112 INFO     ___FILE_ONLY___ │
2024-03-20 13:59:55,112 INFO     ___FILE_ONLY___ 

2024-03-20 13:59:55,112 INFO     ___FILE_ONLY___ │ 
2024-03-20 13:59:55,112 INFO     ___FILE_ONLY___ Google Cloud CRC32C Hash Tool                      
2024-03-20 13:59:55,112 INFO     ___FILE_ONLY___  
2024-03-20 13:59:55,112 INFO     ___FILE_ONLY___ │ 
2024-03-20 13:59:55,112 INFO     ___FILE_ONLY___      1.0.0
2024-03-20 13:59:55,112 INFO     ___FILE_ONLY___  
2024-03-20 13:59:55,113 INFO     ___FILE_ONLY___ │ 
2024-03-20 13:59:55,113 INFO     ___FILE_ONLY___  1.2 MiB
2024-03-20 13:59:55,113 INFO     ___FILE_ONLY___  
2024-03-20 13:59:55,113 INFO     ___FILE_ONLY___ │
2024-03-20 13:59:55,113 INFO     ___FILE_ONLY___ 

2024-03-20 13:59:55,113 INFO     ___FILE_ONLY___ │ 
2024-03-20 13:59:55,113 INFO     ___FILE_ONLY___ anthoscli                                          
2024-03-20 13:59:55,113 INFO     ___FILE_ONLY___  
2024-03-20 13:59:55,113 INFO     ___FILE_ONLY___ │ 
2024-03-20 13:59:55,113 INFO     ___FILE_ONLY___     0.2.48
2024-03-20 13:59:55,113 INFO     ___FILE_ONLY___  
2024-03-20 13:59:55,113 INFO     ___FILE_ONLY___ │ 
2024-03-20 13:59:55,113 INFO     ___FILE_ONLY___ 68.9 MiB
2024-03-20 13:59:55,113 INFO     ___FILE_ONLY___  
2024-03-20 13:59:55,114 INFO     ___FILE_ONLY___ │
2024-03-20 13:59:55,114 INFO     ___FILE_ONLY___ 

2024-03-20 13:59:55,114 INFO     ___FILE_ONLY___ │ 
2024-03-20 13:59:55,114 INFO     ___FILE_ONLY___ gcloud cli dependencies                            
2024-03-20 13:59:55,114 INFO     ___FILE_ONLY___  
2024-03-20 13:59:55,114 INFO     ___FILE_ONLY___ │ 
2024-03-20 13:59:55,114 INFO     ___FILE_ONLY___ 2021.04.16
2024-03-20 13:59:55,114 INFO     ___FILE_ONLY___  
2024-03-20 13:59:55,114 INFO     ___FILE_ONLY___ │ 
2024-03-20 13:59:55,114 INFO     ___FILE_ONLY___  < 1 MiB
2024-03-20 13:59:55,114 INFO     ___FILE_ONLY___  
2024-03-20 13:59:55,114 INFO     ___FILE_ONLY___ │
2024-03-20 13:59:55,114 INFO     ___FILE_ONLY___ 

2024-03-20 13:59:55,114 INFO     ___FILE_ONLY___ └─────────────────────────────────────────────────────┴────────────┴──────────┘
2024-03-20 13:59:55,115 INFO     ___FILE_ONLY___ 

2024-03-20 13:59:55,115 INFO     ___FILE_ONLY___ 

2024-03-20 13:59:55,118 DEBUG    urllib3.connectionpool Starting new HTTPS connection (1): dl.google.com:443
2024-03-20 13:59:55,179 DEBUG    urllib3.connectionpool https://dl.google.com:443 "GET /dl/cloudsdk/channels/rapid/RELEASE_NOTES HTTP/1.1" 200 1173066
2024-03-20 13:59:55,245 INFO     ___FILE_ONLY___ For the latest full release notes, please visit:
  https://cloud.google.com/sdk/release_notes


2024-03-20 13:59:55,248 INFO     ___FILE_ONLY___ ╔════════════════════════════════════════════════════════════╗

2024-03-20 13:59:55,248 INFO     ___FILE_ONLY___ ╠═ Creating update staging area                             ═╣

2024-03-20 13:59:55,248 INFO     ___FILE_ONLY___ ╚
2024-03-20 13:59:55,248 INFO     ___FILE_ONLY___ ══════
2024-03-20 13:59:55,248 INFO     ___FILE_ONLY___ ══════
2024-03-20 13:59:55,248 INFO     ___FILE_ONLY___ ══════
2024-03-20 13:59:55,665 INFO     ___FILE_ONLY___ ═
2024-03-20 13:59:55,700 INFO     ___FILE_ONLY___ ═
2024-03-20 13:59:55,740 INFO     ___FILE_ONLY___ ═
2024-03-20 13:59:55,784 INFO     ___FILE_ONLY___ ═
2024-03-20 13:59:55,819 INFO     ___FILE_ONLY___ ═
2024-03-20 13:59:55,855 INFO     ___FILE_ONLY___ ═
2024-03-20 13:59:55,888 INFO     ___FILE_ONLY___ ═
2024-03-20 13:59:55,926 INFO     ___FILE_ONLY___ ═
2024-03-20 13:59:55,961 INFO     ___FILE_ONLY___ ═
2024-03-20 13:59:56,097 INFO     ___FILE_ONLY___ ═
2024-03-20 13:59:56,182 INFO     ___FILE_ONLY___ ═
2024-03-20 13:59:56,290 INFO     ___FILE_ONLY___ ═
2024-03-20 13:59:56,348 INFO     ___FILE_ONLY___ ═
2024-03-20 13:59:56,421 INFO     ___FILE_ONLY___ ═
2024-03-20 13:59:56,486 INFO     ___FILE_ONLY___ ═
2024-03-20 13:59:56,530 INFO     ___FILE_ONLY___ ═
2024-03-20 13:59:56,587 INFO     ___FILE_ONLY___ ═
2024-03-20 13:59:56,632 INFO     ___FILE_ONLY___ ═
2024-03-20 13:59:56,686 INFO     ___FILE_ONLY___ ═
2024-03-20 13:59:56,762 INFO     ___FILE_ONLY___ ═
2024-03-20 13:59:56,818 INFO     ___FILE_ONLY___ ═
2024-03-20 13:59:56,871 INFO     ___FILE_ONLY___ ═
2024-03-20 13:59:57,015 INFO     ___FILE_ONLY___ ═
2024-03-20 13:59:57,065 INFO     ___FILE_ONLY___ ═
2024-03-20 13:59:57,132 INFO     ___FILE_ONLY___ ═
2024-03-20 13:59:57,187 INFO     ___FILE_ONLY___ ═
2024-03-20 13:59:57,241 INFO     ___FILE_ONLY___ ═
2024-03-20 13:59:57,291 INFO     ___FILE_ONLY___ ═
2024-03-20 13:59:57,345 INFO     ___FILE_ONLY___ ═
2024-03-20 13:59:57,408 INFO     ___FILE_ONLY___ ═
2024-03-20 13:59:57,480 INFO     ___FILE_ONLY___ ═
2024-03-20 13:59:57,545 INFO     ___FILE_ONLY___ ═
2024-03-20 13:59:57,605 INFO     ___FILE_ONLY___ ═
2024-03-20 13:59:57,680 INFO     ___FILE_ONLY___ ═
2024-03-20 13:59:57,754 INFO     ___FILE_ONLY___ ═
2024-03-20 13:59:57,814 INFO     ___FILE_ONLY___ ═
2024-03-20 13:59:57,871 INFO     ___FILE_ONLY___ ═
2024-03-20 13:59:57,922 INFO     ___FILE_ONLY___ ═
2024-03-20 13:59:57,981 INFO     ___FILE_ONLY___ ═
2024-03-20 13:59:58,034 INFO     ___FILE_ONLY___ ═
2024-03-20 13:59:58,092 INFO     ___FILE_ONLY___ ═
2024-03-20 13:59:58,155 INFO     ___FILE_ONLY___ ═
2024-03-20 13:59:58,155 INFO     ___FILE_ONLY___ ╝

2024-03-20 13:59:58,244 INFO     ___FILE_ONLY___ ╔════════════════════════════════════════════════════════════╗

2024-03-20 13:59:58,245 INFO     ___FILE_ONLY___ ╠═ Installing: BigQuery Command Line Tool                   ═╣

2024-03-20 13:59:58,245 INFO     ___FILE_ONLY___ ╚
2024-03-20 13:59:58,248 DEBUG    urllib3.connectionpool Starting new HTTPS connection (1): dl.google.com:443
2024-03-20 13:59:58,304 DEBUG    urllib3.connectionpool https://dl.google.com:443 "GET /dl/cloudsdk/channels/rapid/components/google-cloud-sdk-bq-20240315155000.tar.gz HTTP/1.1" 200 1741355
2024-03-20 13:59:58,315 INFO     ___FILE_ONLY___ ═
2024-03-20 13:59:58,315 INFO     ___FILE_ONLY___ ═
2024-03-20 13:59:58,315 INFO     ___FILE_ONLY___ ═
2024-03-20 13:59:58,315 INFO     ___FILE_ONLY___ ═
2024-03-20 13:59:58,315 INFO     ___FILE_ONLY___ ═
2024-03-20 13:59:58,316 INFO     ___FILE_ONLY___ ═
2024-03-20 13:59:58,316 INFO     ___FILE_ONLY___ ═
2024-03-20 13:59:58,316 INFO     ___FILE_ONLY___ ═
2024-03-20 13:59:58,316 INFO     ___FILE_ONLY___ ═
2024-03-20 13:59:58,316 INFO     ___FILE_ONLY___ ═
2024-03-20 13:59:58,316 INFO     ___FILE_ONLY___ ═
2024-03-20 13:59:58,316 INFO     ___FILE_ONLY___ ═
2024-03-20 13:59:58,317 INFO     ___FILE_ONLY___ ═
2024-03-20 13:59:58,317 INFO     ___FILE_ONLY___ ═
2024-03-20 13:59:58,317 INFO     ___FILE_ONLY___ ═
2024-03-20 13:59:58,317 INFO     ___FILE_ONLY___ ═
2024-03-20 13:59:58,317 INFO     ___FILE_ONLY___ ═
2024-03-20 13:59:58,317 INFO     ___FILE_ONLY___ ═
2024-03-20 13:59:58,318 INFO     ___FILE_ONLY___ ═
2024-03-20 13:59:58,318 INFO     ___FILE_ONLY___ ═
2024-03-20 13:59:58,318 INFO     ___FILE_ONLY___ ═
2024-03-20 13:59:58,318 INFO     ___FILE_ONLY___ ═
2024-03-20 13:59:58,318 INFO     ___FILE_ONLY___ ═
2024-03-20 13:59:58,318 INFO     ___FILE_ONLY___ ═
2024-03-20 13:59:58,318 INFO     ___FILE_ONLY___ ═
2024-03-20 13:59:58,319 INFO     ___FILE_ONLY___ ═
2024-03-20 13:59:58,319 INFO     ___FILE_ONLY___ ═
2024-03-20 13:59:58,319 INFO     ___FILE_ONLY___ ═
2024-03-20 13:59:58,319 INFO     ___FILE_ONLY___ ═
2024-03-20 13:59:58,319 INFO     ___FILE_ONLY___ ═
2024-03-20 13:59:58,447 INFO     ___FILE_ONLY___ ═
2024-03-20 13:59:58,451 INFO     ___FILE_ONLY___ ═
2024-03-20 13:59:58,456 INFO     ___FILE_ONLY___ ═
2024-03-20 13:59:58,460 INFO     ___FILE_ONLY___ ═
2024-03-20 13:59:58,463 INFO     ___FILE_ONLY___ ═
2024-03-20 13:59:58,468 INFO     ___FILE_ONLY___ ═
2024-03-20 13:59:58,471 INFO     ___FILE_ONLY___ ═
2024-03-20 13:59:58,476 INFO     ___FILE_ONLY___ ═
2024-03-20 13:59:58,480 INFO     ___FILE_ONLY___ ═
2024-03-20 13:59:58,484 INFO     ___FILE_ONLY___ ═
2024-03-20 13:59:58,488 INFO     ___FILE_ONLY___ ═
2024-03-20 13:59:58,492 INFO     ___FILE_ONLY___ ═
2024-03-20 13:59:58,496 INFO     ___FILE_ONLY___ ═
2024-03-20 13:59:58,501 INFO     ___FILE_ONLY___ ═
2024-03-20 13:59:58,505 INFO     ___FILE_ONLY___ ═
2024-03-20 13:59:58,509 INFO     ___FILE_ONLY___ ═
2024-03-20 13:59:58,514 INFO     ___FILE_ONLY___ ═
2024-03-20 13:59:58,518 INFO     ___FILE_ONLY___ ═
2024-03-20 13:59:58,523 INFO     ___FILE_ONLY___ ═
2024-03-20 13:59:58,527 INFO     ___FILE_ONLY___ ═
2024-03-20 13:59:58,531 INFO     ___FILE_ONLY___ ═
2024-03-20 13:59:58,535 INFO     ___FILE_ONLY___ ═
2024-03-20 13:59:58,543 INFO     ___FILE_ONLY___ ═
2024-03-20 13:59:58,548 INFO     ___FILE_ONLY___ ═
2024-03-20 13:59:58,552 INFO     ___FILE_ONLY___ ═
2024-03-20 13:59:58,556 INFO     ___FILE_ONLY___ ═
2024-03-20 13:59:58,560 INFO     ___FILE_ONLY___ ═
2024-03-20 13:59:58,565 INFO     ___FILE_ONLY___ ═
2024-03-20 13:59:58,568 INFO     ___FILE_ONLY___ ═
2024-03-20 13:59:58,572 INFO     ___FILE_ONLY___ ═
2024-03-20 13:59:58,572 INFO     ___FILE_ONLY___ ╝

2024-03-20 13:59:58,588 INFO     ___FILE_ONLY___ ╔════════════════════════════════════════════════════════════╗

2024-03-20 13:59:58,588 INFO     ___FILE_ONLY___ ╠═ Installing: BigQuery Command Line Tool (Platform Spec... ═╣

2024-03-20 13:59:58,588 INFO     ___FILE_ONLY___ ╚
2024-03-20 13:59:58,592 DEBUG    urllib3.connectionpool Starting new HTTPS connection (1): dl.google.com:443
2024-03-20 13:59:58,647 DEBUG    urllib3.connectionpool https://dl.google.com:443 "GET /dl/cloudsdk/channels/rapid/components/google-cloud-sdk-bq-nix-20240106004423.tar.gz HTTP/1.1" 200 2026
2024-03-20 13:59:58,648 INFO     ___FILE_ONLY___ ══════════════════════════════
2024-03-20 13:59:58,649 INFO     ___FILE_ONLY___ ══════════════════════════════
2024-03-20 13:59:58,649 INFO     ___FILE_ONLY___ ╝

2024-03-20 13:59:58,658 INFO     ___FILE_ONLY___ ╔════════════════════════════════════════════════════════════╗

2024-03-20 13:59:58,658 INFO     ___FILE_ONLY___ ╠═ Installing: Bundled Python 3.11                          ═╣

2024-03-20 13:59:58,658 INFO     ___FILE_ONLY___ ╚
2024-03-20 13:59:58,663 INFO     ___FILE_ONLY___ ════════════════════════════════════════════════════════════
2024-03-20 13:59:58,663 INFO     ___FILE_ONLY___ ╝

2024-03-20 13:59:58,665 INFO     ___FILE_ONLY___ ╔════════════════════════════════════════════════════════════╗

2024-03-20 13:59:58,665 INFO     ___FILE_ONLY___ ╠═ Installing: Bundled Python 3.11                          ═╣

2024-03-20 13:59:58,665 INFO     ___FILE_ONLY___ ╚
2024-03-20 13:59:58,669 DEBUG    urllib3.connectionpool Starting new HTTPS connection (1): dl.google.com:443
2024-03-20 13:59:58,729 DEBUG    urllib3.connectionpool https://dl.google.com:443 "GET /dl/cloudsdk/channels/rapid/components/google-cloud-sdk-bundled-python3-unix-linux-x86_64-20240229170130.tar.gz HTTP/1.1" 200 78486918
2024-03-20 13:59:59,022 INFO     ___FILE_ONLY___ ═
2024-03-20 13:59:59,025 INFO     ___FILE_ONLY___ ═
2024-03-20 13:59:59,029 INFO     ___FILE_ONLY___ ═
2024-03-20 13:59:59,032 INFO     ___FILE_ONLY___ ═
2024-03-20 13:59:59,035 INFO     ___FILE_ONLY___ ═
2024-03-20 13:59:59,038 INFO     ___FILE_ONLY___ ═
2024-03-20 13:59:59,041 INFO     ___FILE_ONLY___ ═
2024-03-20 13:59:59,044 INFO     ___FILE_ONLY___ ═
2024-03-20 13:59:59,048 INFO     ___FILE_ONLY___ ═
2024-03-20 13:59:59,051 INFO     ___FILE_ONLY___ ═
2024-03-20 13:59:59,054 INFO     ___FILE_ONLY___ ═
2024-03-20 13:59:59,057 INFO     ___FILE_ONLY___ ═
2024-03-20 13:59:59,060 INFO     ___FILE_ONLY___ ═
2024-03-20 13:59:59,063 INFO     ___FILE_ONLY___ ═
2024-03-20 13:59:59,066 INFO     ___FILE_ONLY___ ═
2024-03-20 13:59:59,070 INFO     ___FILE_ONLY___ ═
2024-03-20 13:59:59,073 INFO     ___FILE_ONLY___ ═
2024-03-20 13:59:59,076 INFO     ___FILE_ONLY___ ═
2024-03-20 13:59:59,079 INFO     ___FILE_ONLY___ ═
2024-03-20 13:59:59,082 INFO     ___FILE_ONLY___ ═
2024-03-20 13:59:59,086 INFO     ___FILE_ONLY___ ═
2024-03-20 13:59:59,089 INFO     ___FILE_ONLY___ ═
2024-03-20 13:59:59,092 INFO     ___FILE_ONLY___ ═
2024-03-20 13:59:59,095 INFO     ___FILE_ONLY___ ═
2024-03-20 13:59:59,099 INFO     ___FILE_ONLY___ ═
2024-03-20 13:59:59,102 INFO     ___FILE_ONLY___ ═
2024-03-20 13:59:59,105 INFO     ___FILE_ONLY___ ═
2024-03-20 13:59:59,109 INFO     ___FILE_ONLY___ ═
2024-03-20 13:59:59,112 INFO     ___FILE_ONLY___ ═
2024-03-20 13:59:59,115 INFO     ___FILE_ONLY___ ═
2024-03-20 14:00:01,282 INFO     ___FILE_ONLY___ ═
2024-03-20 14:00:01,307 INFO     ___FILE_ONLY___ ═
2024-03-20 14:00:01,332 INFO     ___FILE_ONLY___ ═
2024-03-20 14:00:01,358 INFO     ___FILE_ONLY___ ═
2024-03-20 14:00:01,384 INFO     ___FILE_ONLY___ ═
2024-03-20 14:00:01,410 INFO     ___FILE_ONLY___ ═
2024-03-20 14:00:01,434 INFO     ___FILE_ONLY___ ═
2024-03-20 14:00:01,459 INFO     ___FILE_ONLY___ ═
2024-03-20 14:00:01,485 INFO     ___FILE_ONLY___ ═
2024-03-20 14:00:01,510 INFO     ___FILE_ONLY___ ═
2024-03-20 14:00:01,535 INFO     ___FILE_ONLY___ ═
2024-03-20 14:00:01,560 INFO     ___FILE_ONLY___ ═
2024-03-20 14:00:01,585 INFO     ___FILE_ONLY___ ═
2024-03-20 14:00:01,610 INFO     ___FILE_ONLY___ ═
2024-03-20 14:00:01,637 INFO     ___FILE_ONLY___ ═
2024-03-20 14:00:01,664 INFO     ___FILE_ONLY___ ═
2024-03-20 14:00:01,692 INFO     ___FILE_ONLY___ ═
2024-03-20 14:00:02,057 INFO     ___FILE_ONLY___ ═
2024-03-20 14:00:02,102 INFO     ___FILE_ONLY___ ═
2024-03-20 14:00:02,156 INFO     ___FILE_ONLY___ ═
2024-03-20 14:00:02,226 INFO     ___FILE_ONLY___ ═
2024-03-20 14:00:02,388 INFO     ___FILE_ONLY___ ═
2024-03-20 14:00:02,520 INFO     ___FILE_ONLY___ ═
2024-03-20 14:00:02,558 INFO     ___FILE_ONLY___ ═
2024-03-20 14:00:02,600 INFO     ___FILE_ONLY___ ═
2024-03-20 14:00:02,668 INFO     ___FILE_ONLY___ ═
2024-03-20 14:00:02,706 INFO     ___FILE_ONLY___ ═
2024-03-20 14:00:02,752 INFO     ___FILE_ONLY___ ═
2024-03-20 14:00:03,803 INFO     ___FILE_ONLY___ ═
2024-03-20 14:00:03,834 INFO     ___FILE_ONLY___ ═
2024-03-20 14:00:03,834 INFO     ___FILE_ONLY___ ╝

2024-03-20 14:00:03,942 INFO     ___FILE_ONLY___ ╔════════════════════════════════════════════════════════════╗

2024-03-20 14:00:03,942 INFO     ___FILE_ONLY___ ╠═ Installing: Cloud Storage Command Line Tool              ═╣

2024-03-20 14:00:03,942 INFO     ___FILE_ONLY___ ╚
2024-03-20 14:00:03,946 DEBUG    urllib3.connectionpool Starting new HTTPS connection (1): dl.google.com:443
2024-03-20 14:00:04,004 DEBUG    urllib3.connectionpool https://dl.google.com:443 "GET /dl/cloudsdk/channels/rapid/components/google-cloud-sdk-gsutil-20231025210228.tar.gz HTTP/1.1" 200 11833901
2024-03-20 14:00:04,045 INFO     ___FILE_ONLY___ ═
2024-03-20 14:00:04,046 INFO     ___FILE_ONLY___ ═
2024-03-20 14:00:04,046 INFO     ___FILE_ONLY___ ═
2024-03-20 14:00:04,047 INFO     ___FILE_ONLY___ ═
2024-03-20 14:00:04,047 INFO     ___FILE_ONLY___ ═
2024-03-20 14:00:04,048 INFO     ___FILE_ONLY___ ═
2024-03-20 14:00:04,048 INFO     ___FILE_ONLY___ ═
2024-03-20 14:00:04,049 INFO     ___FILE_ONLY___ ═
2024-03-20 14:00:04,049 INFO     ___FILE_ONLY___ ═
2024-03-20 14:00:04,050 INFO     ___FILE_ONLY___ ═
2024-03-20 14:00:04,050 INFO     ___FILE_ONLY___ ═
2024-03-20 14:00:04,051 INFO     ___FILE_ONLY___ ═
2024-03-20 14:00:04,052 INFO     ___FILE_ONLY___ ═
2024-03-20 14:00:04,052 INFO     ___FILE_ONLY___ ═
2024-03-20 14:00:04,053 INFO     ___FILE_ONLY___ ═
2024-03-20 14:00:04,053 INFO     ___FILE_ONLY___ ═
2024-03-20 14:00:04,054 INFO     ___FILE_ONLY___ ═
2024-03-20 14:00:04,054 INFO     ___FILE_ONLY___ ═
2024-03-20 14:00:04,055 INFO     ___FILE_ONLY___ ═
2024-03-20 14:00:04,056 INFO     ___FILE_ONLY___ ═
2024-03-20 14:00:04,056 INFO     ___FILE_ONLY___ ═
2024-03-20 14:00:04,057 INFO     ___FILE_ONLY___ ═
2024-03-20 14:00:04,057 INFO     ___FILE_ONLY___ ═
2024-03-20 14:00:04,058 INFO     ___FILE_ONLY___ ═
2024-03-20 14:00:04,058 INFO     ___FILE_ONLY___ ═
2024-03-20 14:00:04,059 INFO     ___FILE_ONLY___ ═
2024-03-20 14:00:04,059 INFO     ___FILE_ONLY___ ═
2024-03-20 14:00:04,060 INFO     ___FILE_ONLY___ ═
2024-03-20 14:00:04,060 INFO     ___FILE_ONLY___ ═
2024-03-20 14:00:04,061 INFO     ___FILE_ONLY___ ═
2024-03-20 14:00:04,763 INFO     ___FILE_ONLY___ ═
2024-03-20 14:00:04,798 INFO     ___FILE_ONLY___ ═
2024-03-20 14:00:04,825 INFO     ___FILE_ONLY___ ═
2024-03-20 14:00:04,853 INFO     ___FILE_ONLY___ ═
2024-03-20 14:00:04,879 INFO     ___FILE_ONLY___ ═
2024-03-20 14:00:04,904 INFO     ___FILE_ONLY___ ═
2024-03-20 14:00:04,924 INFO     ___FILE_ONLY___ ═
2024-03-20 14:00:04,942 INFO     ___FILE_ONLY___ ═
2024-03-20 14:00:04,963 INFO     ___FILE_ONLY___ ═
2024-03-20 14:00:04,983 INFO     ___FILE_ONLY___ ═
2024-03-20 14:00:05,003 INFO     ___FILE_ONLY___ ═
2024-03-20 14:00:05,023 INFO     ___FILE_ONLY___ ═
2024-03-20 14:00:05,052 INFO     ___FILE_ONLY___ ═
2024-03-20 14:00:05,074 INFO     ___FILE_ONLY___ ═
2024-03-20 14:00:05,106 INFO     ___FILE_ONLY___ ═
2024-03-20 14:00:05,134 INFO     ___FILE_ONLY___ ═
2024-03-20 14:00:05,163 INFO     ___FILE_ONLY___ ═
2024-03-20 14:00:05,192 INFO     ___FILE_ONLY___ ═
2024-03-20 14:00:05,212 INFO     ___FILE_ONLY___ ═
2024-03-20 14:00:05,235 INFO     ___FILE_ONLY___ ═
2024-03-20 14:00:05,258 INFO     ___FILE_ONLY___ ═
2024-03-20 14:00:05,280 INFO     ___FILE_ONLY___ ═
2024-03-20 14:00:05,302 INFO     ___FILE_ONLY___ ═
2024-03-20 14:00:05,324 INFO     ___FILE_ONLY___ ═
2024-03-20 14:00:05,344 INFO     ___FILE_ONLY___ ═
2024-03-20 14:00:05,392 INFO     ___FILE_ONLY___ ═
2024-03-20 14:00:05,417 INFO     ___FILE_ONLY___ ═
2024-03-20 14:00:05,442 INFO     ___FILE_ONLY___ ═
2024-03-20 14:00:05,470 INFO     ___FILE_ONLY___ ═
2024-03-20 14:00:05,490 INFO     ___FILE_ONLY___ ═
2024-03-20 14:00:05,490 INFO     ___FILE_ONLY___ ╝

2024-03-20 14:00:05,561 INFO     ___FILE_ONLY___ ╔════════════════════════════════════════════════════════════╗

2024-03-20 14:00:05,561 INFO     ___FILE_ONLY___ ╠═ Installing: Cloud Storage Command Line Tool (Platform... ═╣

2024-03-20 14:00:05,561 INFO     ___FILE_ONLY___ ╚
2024-03-20 14:00:05,565 DEBUG    urllib3.connectionpool Starting new HTTPS connection (1): dl.google.com:443
2024-03-20 14:00:05,624 DEBUG    urllib3.connectionpool https://dl.google.com:443 "GET /dl/cloudsdk/channels/rapid/components/google-cloud-sdk-gsutil-nix-20240106004423.tar.gz HTTP/1.1" 200 2042
2024-03-20 14:00:05,625 INFO     ___FILE_ONLY___ ══════════════════════════════
2024-03-20 14:00:05,626 INFO     ___FILE_ONLY___ ══════════════════════════════
2024-03-20 14:00:05,626 INFO     ___FILE_ONLY___ ╝

2024-03-20 14:00:05,634 INFO     ___FILE_ONLY___ ╔════════════════════════════════════════════════════════════╗

2024-03-20 14:00:05,634 INFO     ___FILE_ONLY___ ╠═ Installing: Default set of gcloud commands               ═╣

2024-03-20 14:00:05,635 INFO     ___FILE_ONLY___ ╚
2024-03-20 14:00:05,640 INFO     ___FILE_ONLY___ ════════════════════════════════════════════════════════════
2024-03-20 14:00:05,640 INFO     ___FILE_ONLY___ ╝

2024-03-20 14:00:05,642 INFO     ___FILE_ONLY___ ╔════════════════════════════════════════════════════════════╗

2024-03-20 14:00:05,642 INFO     ___FILE_ONLY___ ╠═ Installing: Google Cloud CLI Core Libraries (Platform... ═╣

2024-03-20 14:00:05,642 INFO     ___FILE_ONLY___ ╚
2024-03-20 14:00:05,646 DEBUG    urllib3.connectionpool Starting new HTTPS connection (1): dl.google.com:443
2024-03-20 14:00:05,707 DEBUG    urllib3.connectionpool https://dl.google.com:443 "GET /dl/cloudsdk/channels/rapid/components/google-cloud-sdk-core-nix-20240106004423.tar.gz HTTP/1.1" 200 2410
2024-03-20 14:00:05,708 INFO     ___FILE_ONLY___ ══════════════════════════════
2024-03-20 14:00:05,709 INFO     ___FILE_ONLY___ ═══════════════
2024-03-20 14:00:05,709 INFO     ___FILE_ONLY___ ═══════════════
2024-03-20 14:00:05,710 INFO     ___FILE_ONLY___ ╝

2024-03-20 14:00:05,718 INFO     ___FILE_ONLY___ ╔════════════════════════════════════════════════════════════╗

2024-03-20 14:00:05,718 INFO     ___FILE_ONLY___ ╠═ Installing: Google Cloud CRC32C Hash Tool                ═╣

2024-03-20 14:00:05,718 INFO     ___FILE_ONLY___ ╚
2024-03-20 14:00:05,723 INFO     ___FILE_ONLY___ ════════════════════════════════════════════════════════════
2024-03-20 14:00:05,724 INFO     ___FILE_ONLY___ ╝

2024-03-20 14:00:05,725 INFO     ___FILE_ONLY___ ╔════════════════════════════════════════════════════════════╗

2024-03-20 14:00:05,726 INFO     ___FILE_ONLY___ ╠═ Installing: Google Cloud CRC32C Hash Tool                ═╣

2024-03-20 14:00:05,726 INFO     ___FILE_ONLY___ ╚
2024-03-20 14:00:05,729 DEBUG    urllib3.connectionpool Starting new HTTPS connection (1): dl.google.com:443
2024-03-20 14:00:05,786 DEBUG    urllib3.connectionpool https://dl.google.com:443 "GET /dl/cloudsdk/channels/rapid/components/google-cloud-sdk-gcloud-crc32c-linux-x86_64-20231215195722.tar.gz HTTP/1.1" 200 1287877
2024-03-20 14:00:05,795 INFO     ___FILE_ONLY___ ═
2024-03-20 14:00:05,795 INFO     ___FILE_ONLY___ ═
2024-03-20 14:00:05,795 INFO     ___FILE_ONLY___ ═
2024-03-20 14:00:05,795 INFO     ___FILE_ONLY___ ═
2024-03-20 14:00:05,795 INFO     ___FILE_ONLY___ ═
2024-03-20 14:00:05,795 INFO     ___FILE_ONLY___ ═
2024-03-20 14:00:05,796 INFO     ___FILE_ONLY___ ═
2024-03-20 14:00:05,796 INFO     ___FILE_ONLY___ ═
2024-03-20 14:00:05,796 INFO     ___FILE_ONLY___ ═
2024-03-20 14:00:05,796 INFO     ___FILE_ONLY___ ═
2024-03-20 14:00:05,796 INFO     ___FILE_ONLY___ ═
2024-03-20 14:00:05,796 INFO     ___FILE_ONLY___ ═
2024-03-20 14:00:05,796 INFO     ___FILE_ONLY___ ═
2024-03-20 14:00:05,796 INFO     ___FILE_ONLY___ ═
2024-03-20 14:00:05,797 INFO     ___FILE_ONLY___ ═
2024-03-20 14:00:05,797 INFO     ___FILE_ONLY___ ═
2024-03-20 14:00:05,797 INFO     ___FILE_ONLY___ ═
2024-03-20 14:00:05,797 INFO     ___FILE_ONLY___ ═
2024-03-20 14:00:05,797 INFO     ___FILE_ONLY___ ═
2024-03-20 14:00:05,797 INFO     ___FILE_ONLY___ ═
2024-03-20 14:00:05,797 INFO     ___FILE_ONLY___ ═
2024-03-20 14:00:05,798 INFO     ___FILE_ONLY___ ═
2024-03-20 14:00:05,798 INFO     ___FILE_ONLY___ ═
2024-03-20 14:00:05,798 INFO     ___FILE_ONLY___ ═
2024-03-20 14:00:05,798 INFO     ___FILE_ONLY___ ═
2024-03-20 14:00:05,798 INFO     ___FILE_ONLY___ ═
2024-03-20 14:00:05,798 INFO     ___FILE_ONLY___ ═
2024-03-20 14:00:05,798 INFO     ___FILE_ONLY___ ═
2024-03-20 14:00:05,798 INFO     ___FILE_ONLY___ ═
2024-03-20 14:00:05,799 INFO     ___FILE_ONLY___ ═
2024-03-20 14:00:05,831 INFO     ___FILE_ONLY___ ═══════════════
2024-03-20 14:00:05,832 INFO     ___FILE_ONLY___ ═══════════════
2024-03-20 14:00:05,832 INFO     ___FILE_ONLY___ ╝

2024-03-20 14:00:05,841 INFO     ___FILE_ONLY___ ╔════════════════════════════════════════════════════════════╗

2024-03-20 14:00:05,841 INFO     ___FILE_ONLY___ ╠═ Installing: anthoscli                                    ═╣

2024-03-20 14:00:05,841 INFO     ___FILE_ONLY___ ╚
2024-03-20 14:00:05,845 DEBUG    urllib3.connectionpool Starting new HTTPS connection (1): dl.google.com:443
2024-03-20 14:00:05,905 DEBUG    urllib3.connectionpool https://dl.google.com:443 "GET /dl/cloudsdk/channels/rapid/components/google-cloud-sdk-anthoscli-linux-x86_64-20240209195330.tar.gz HTTP/1.1" 200 72231225
2024-03-20 14:00:06,159 INFO     ___FILE_ONLY___ ═
2024-03-20 14:00:06,162 INFO     ___FILE_ONLY___ ═
2024-03-20 14:00:06,165 INFO     ___FILE_ONLY___ ═
2024-03-20 14:00:06,168 INFO     ___FILE_ONLY___ ═
2024-03-20 14:00:06,171 INFO     ___FILE_ONLY___ ═
2024-03-20 14:00:06,174 INFO     ___FILE_ONLY___ ═
2024-03-20 14:00:06,177 INFO     ___FILE_ONLY___ ═
2024-03-20 14:00:06,180 INFO     ___FILE_ONLY___ ═
2024-03-20 14:00:06,183 INFO     ___FILE_ONLY___ ═
2024-03-20 14:00:06,186 INFO     ___FILE_ONLY___ ═
2024-03-20 14:00:06,189 INFO     ___FILE_ONLY___ ═
2024-03-20 14:00:06,192 INFO     ___FILE_ONLY___ ═
2024-03-20 14:00:06,196 INFO     ___FILE_ONLY___ ═
2024-03-20 14:00:06,199 INFO     ___FILE_ONLY___ ═
2024-03-20 14:00:06,202 INFO     ___FILE_ONLY___ ═
2024-03-20 14:00:06,205 INFO     ___FILE_ONLY___ ═
2024-03-20 14:00:06,208 INFO     ___FILE_ONLY___ ═
2024-03-20 14:00:06,211 INFO     ___FILE_ONLY___ ═
2024-03-20 14:00:06,214 INFO     ___FILE_ONLY___ ═
2024-03-20 14:00:06,217 INFO     ___FILE_ONLY___ ═
2024-03-20 14:00:06,220 INFO     ___FILE_ONLY___ ═
2024-03-20 14:00:06,223 INFO     ___FILE_ONLY___ ═
2024-03-20 14:00:06,226 INFO     ___FILE_ONLY___ ═
2024-03-20 14:00:06,229 INFO     ___FILE_ONLY___ ═
2024-03-20 14:00:06,232 INFO     ___FILE_ONLY___ ═
2024-03-20 14:00:06,235 INFO     ___FILE_ONLY___ ═
2024-03-20 14:00:06,238 INFO     ___FILE_ONLY___ ═
2024-03-20 14:00:06,241 INFO     ___FILE_ONLY___ ═
2024-03-20 14:00:06,244 INFO     ___FILE_ONLY___ ═
2024-03-20 14:00:06,247 INFO     ___FILE_ONLY___ ═
2024-03-20 14:00:08,413 INFO     ___FILE_ONLY___ ══════════
2024-03-20 14:00:08,419 INFO     ___FILE_ONLY___ ═════════
2024-03-20 14:00:08,446 INFO     ___FILE_ONLY___ ═══════════
2024-03-20 14:00:08,446 INFO     ___FILE_ONLY___ ╝

2024-03-20 14:00:08,469 INFO     ___FILE_ONLY___ ╔════════════════════════════════════════════════════════════╗

2024-03-20 14:00:08,469 INFO     ___FILE_ONLY___ ╠═ Installing: anthoscli                                    ═╣

2024-03-20 14:00:08,469 INFO     ___FILE_ONLY___ ╚
2024-03-20 14:00:08,474 INFO     ___FILE_ONLY___ ════════════════════════════════════════════════════════════
2024-03-20 14:00:08,475 INFO     ___FILE_ONLY___ ╝

2024-03-20 14:00:08,476 INFO     ___FILE_ONLY___ ╔════════════════════════════════════════════════════════════╗

2024-03-20 14:00:08,477 INFO     ___FILE_ONLY___ ╠═ Installing: gcloud cli dependencies                      ═╣

2024-03-20 14:00:08,477 INFO     ___FILE_ONLY___ ╚
2024-03-20 14:00:08,481 DEBUG    urllib3.connectionpool Starting new HTTPS connection (1): dl.google.com:443
2024-03-20 14:00:08,545 DEBUG    urllib3.connectionpool https://dl.google.com:443 "GET /dl/cloudsdk/channels/rapid/components/google-cloud-sdk-gcloud-deps-linux-x86_64-20210416153011.tar.gz HTTP/1.1" 200 104
2024-03-20 14:00:08,545 INFO     ___FILE_ONLY___ ══════════════════════════════
2024-03-20 14:00:08,546 INFO     ___FILE_ONLY___ ══════════════════════════════
2024-03-20 14:00:08,546 INFO     ___FILE_ONLY___ ╝

2024-03-20 14:00:08,555 INFO     ___FILE_ONLY___ ╔════════════════════════════════════════════════════════════╗

2024-03-20 14:00:08,555 INFO     ___FILE_ONLY___ ╠═ Creating backup and activating new installation          ═╣

2024-03-20 14:00:08,555 INFO     ___FILE_ONLY___ ╚
2024-03-20 14:00:08,555 DEBUG    root            Attempting to move directory [/tools/google-cloud-sdk] to [/tools/google-cloud-sdk.staging/.install/.backup]
2024-03-20 14:00:08,555 INFO     ___FILE_ONLY___ ══════════════════════════════
2024-03-20 14:00:08,556 DEBUG    root            Attempting to move directory [/tools/google-cloud-sdk.staging] to [/tools/google-cloud-sdk]
2024-03-20 14:00:08,556 INFO     ___FILE_ONLY___ ══════════════════════════════
2024-03-20 14:00:08,556 INFO     ___FILE_ONLY___ ╝

2024-03-20 14:00:08,560 DEBUG    root            Updating notification cache...
2024-03-20 14:00:08,561 INFO     ___FILE_ONLY___ 

2024-03-20 14:00:08,563 INFO     ___FILE_ONLY___ Performing post processing steps...
2024-03-20 14:00:08,563 DEBUG    root            Executing command: ['/tools/google-cloud-sdk/bin/gcloud', 'components', 'post-process']
2024-03-20 14:00:19,462 DEBUG    ___FILE_ONLY___ 
2024-03-20 14:00:19,462 DEBUG    ___FILE_ONLY___ 
2024-03-20 14:00:19,579 INFO     ___FILE_ONLY___ 
Update done!


2024-03-20 14:00:19,583 DEBUG    root            Chosen display Format:none
2024-03-20 14:00:19,583 INFO     root            Display format: "none"
